[07-Feb-2019 11:14:41 Europe/Berlin] PHP Warning:  Cannot modify header information - headers already sent by (output started at /media/git/dolibarr_project_timesheet/htdocs/timesheet/AttendanceClock.php:73) in /media/git/dolibarr/htdocs/main.inc.php on line 1043
[07-Feb-2019 11:14:41 Europe/Berlin] PHP Warning:  Cannot modify header information - headers already sent by (output started at /media/git/dolibarr_project_timesheet/htdocs/timesheet/AttendanceClock.php:73) in /media/git/dolibarr/htdocs/main.inc.php on line 1046
[07-Feb-2019 11:14:41 Europe/Berlin] PHP Warning:  Cannot modify header information - headers already sent by (output started at /media/git/dolibarr_project_timesheet/htdocs/timesheet/AttendanceClock.php:73) in /media/git/dolibarr/htdocs/main.inc.php on line 1047
[07-Feb-2019 11:18:30 Europe/Berlin] PHP Warning:  Cannot modify header information - headers already sent by (output started at /media/git/dolibarr_project_timesheet/htdocs/timesheet/AttendanceClock.php:73) in /media/git/dolibarr/htdocs/main.inc.php on line 1043
[07-Feb-2019 11:18:30 Europe/Berlin] PHP Warning:  Cannot modify header information - headers already sent by (output started at /media/git/dolibarr_project_timesheet/htdocs/timesheet/AttendanceClock.php:73) in /media/git/dolibarr/htdocs/main.inc.php on line 1046
[07-Feb-2019 11:18:30 Europe/Berlin] PHP Warning:  Cannot modify header information - headers already sent by (output started at /media/git/dolibarr_project_timesheet/htdocs/timesheet/AttendanceClock.php:73) in /media/git/dolibarr/htdocs/main.inc.php on line 1047
[07-Feb-2019 11:18:32 Europe/Berlin] PHP Warning:  array_slice() expects parameter 1 to be array, null given in /media/git/dolibarr_project_timesheet/htdocs/timesheet/TimesheetTeamApproval.php on line 21
[07-Feb-2019 11:18:32 Europe/Berlin] PHP Warning:  array_search() expects parameter 2 to be array, null given in /media/git/dolibarr_project_timesheet/htdocs/timesheet/TimesheetTeamApproval.php on line 21
[07-Feb-2019 11:26:10 Europe/Berlin] PHP Warning:  Cannot modify header information - headers already sent by (output started at /media/git/dolibarr_project_timesheet/htdocs/timesheet/AttendanceClock.php:73) in /media/git/dolibarr/htdocs/main.inc.php on line 1043
[07-Feb-2019 11:26:10 Europe/Berlin] PHP Warning:  Cannot modify header information - headers already sent by (output started at /media/git/dolibarr_project_timesheet/htdocs/timesheet/AttendanceClock.php:73) in /media/git/dolibarr/htdocs/main.inc.php on line 1046
[07-Feb-2019 11:26:10 Europe/Berlin] PHP Warning:  Cannot modify header information - headers already sent by (output started at /media/git/dolibarr_project_timesheet/htdocs/timesheet/AttendanceClock.php:73) in /media/git/dolibarr/htdocs/main.inc.php on line 1047
[07-Feb-2019 11:33:08 Europe/Berlin] PHP Warning:  Cannot modify header information - headers already sent by (output started at /media/git/dolibarr_project_timesheet/htdocs/timesheet/AttendanceClock.php:73) in /media/git/dolibarr/htdocs/main.inc.php on line 1043
[07-Feb-2019 11:33:08 Europe/Berlin] PHP Warning:  Cannot modify header information - headers already sent by (output started at /media/git/dolibarr_project_timesheet/htdocs/timesheet/AttendanceClock.php:73) in /media/git/dolibarr/htdocs/main.inc.php on line 1046
[07-Feb-2019 11:33:08 Europe/Berlin] PHP Warning:  Cannot modify header information - headers already sent by (output started at /media/git/dolibarr_project_timesheet/htdocs/timesheet/AttendanceClock.php:73) in /media/git/dolibarr/htdocs/main.inc.php on line 1047
[07-Feb-2019 11:33:10 Europe/Berlin] PHP Warning:  Cannot modify header information - headers already sent by (output started at /media/git/dolibarr_project_timesheet/htdocs/timesheet/AttendanceClock.php:73) in /media/git/dolibarr/htdocs/main.inc.php on line 1043
[07-Feb-2019 11:33:10 Europe/Berlin] PHP Warning:  Cannot modify header information - headers already sent by (output started at /media/git/dolibarr_project_timesheet/htdocs/timesheet/AttendanceClock.php:73) in /media/git/dolibarr/htdocs/main.inc.php on line 1046
[07-Feb-2019 11:33:10 Europe/Berlin] PHP Warning:  Cannot modify header information - headers already sent by (output started at /media/git/dolibarr_project_timesheet/htdocs/timesheet/AttendanceClock.php:73) in /media/git/dolibarr/htdocs/main.inc.php on line 1047
[07-Feb-2019 22:16:35 Europe/Berlin] PHP Warning:  array_slice() expects parameter 1 to be array, null given in /media/git/dolibarr_project_timesheet/htdocs/timesheet/TimesheetTeamApproval.php on line 21
[07-Feb-2019 22:16:35 Europe/Berlin] PHP Warning:  array_search() expects parameter 2 to be array, null given in /media/git/dolibarr_project_timesheet/htdocs/timesheet/TimesheetTeamApproval.php on line 21
[11-Feb-2019 21:38:28 Europe/Berlin] PHP Fatal error:  Call to undefined function print_generic() in /media/git/dolibarr_project_timesheet/htdocs/timesheet/TimesheetProjectInvoice.php on line 346
[22-Feb-2019 15:32:36 Europe/Berlin] PHP Warning:  Cannot modify header information - headers already sent by (output started at /media/git/dolibarr/htdocs/core/lib/functions.lib.php:3974) in /media/git/dolibarr_project_timesheet/htdocs/timesheet/TimesheetReportProject.php on line 78
[22-Feb-2019 15:38:49 Europe/Berlin] PHP Warning:  Cannot modify header information - headers already sent by (output started at /media/git/dolibarr_project_timesheet/htdocs/timesheet/class/TimesheetReport.class.php:464) in /media/git/dolibarr_project_timesheet/htdocs/timesheet/TimesheetReportProject.php on line 78
[22-Feb-2019 15:41:44 Europe/Berlin] PHP Fatal error:  Class 'object' not found in /media/git/dolibarr_project_timesheet/htdocs/timesheet/class/TimesheetReport.class.php on line 463
[22-Feb-2019 15:42:45 Europe/Berlin] PHP Fatal error:  Cannot access empty property in /media/git/dolibarr_project_timesheet/htdocs/timesheet/class/TimesheetReport.class.php on line 465
[22-Feb-2019 15:45:54 Europe/Berlin] PHP Warning:  Cannot modify header information - headers already sent by (output started at /media/git/dolibarr_project_timesheet/htdocs/timesheet/class/TimesheetReport.class.php:467) in /media/git/dolibarr_project_timesheet/htdocs/timesheet/TimesheetReportProject.php on line 78
