[24-Sep-2017 10:46:27 Europe/Berlin] PHP Fatal error:  Maximum execution time of 30 seconds exceeded in /home/delcroip/gitrespo/dolibarr_project_timesheet/timesheet/resourceAllocation.php on line 28
[30-Sep-2017 23:39:23 Europe/Berlin] PHP Warning:  require_once(/home/delcroip/gitrespo/dolibarr_project_timesheet/timesheet/class/timesheetwhitelist.class.php): failed to open stream: No such file or directory in /home/delcroip/gitrespo/dolibarr_project_timesheet/timesheet/core/lib/timesheet.lib.php on line 21
[30-Sep-2017 23:39:23 Europe/Berlin] PHP Fatal error:  require_once(): Failed opening required '/home/delcroip/gitrespo/dolibarr_project_timesheet/timesheet/class/timesheetwhitelist.class.php' (include_path='/var/www/html/htdocs') in /home/delcroip/gitrespo/dolibarr_project_timesheet/timesheet/core/lib/timesheet.lib.php on line 21
[30-Sep-2017 23:46:49 Europe/Berlin] PHP Warning:  require_once(class/timesheetwhitelist.class.php): failed to open stream: No such file or directory in /home/delcroip/gitrespo/dolibarr_project_timesheet/timesheet/core/lib/timesheet.lib.php on line 21
[30-Sep-2017 23:46:49 Europe/Berlin] PHP Fatal error:  require_once(): Failed opening required 'class/timesheetwhitelist.class.php' (include_path='/var/www/html/htdocs') in /home/delcroip/gitrespo/dolibarr_project_timesheet/timesheet/core/lib/timesheet.lib.php on line 21
[30-Sep-2017 23:46:51 Europe/Berlin] PHP Warning:  require_once(class/timesheetwhitelist.class.php): failed to open stream: No such file or directory in /home/delcroip/gitrespo/dolibarr_project_timesheet/timesheet/core/lib/timesheet.lib.php on line 21
[30-Sep-2017 23:46:51 Europe/Berlin] PHP Fatal error:  require_once(): Failed opening required 'class/timesheetwhitelist.class.php' (include_path='/var/www/html/htdocs') in /home/delcroip/gitrespo/dolibarr_project_timesheet/timesheet/core/lib/timesheet.lib.php on line 21
[30-Sep-2017 23:46:56 Europe/Berlin] PHP Warning:  require_once(class/timesheetwhitelist.class.php): failed to open stream: No such file or directory in /home/delcroip/gitrespo/dolibarr_project_timesheet/timesheet/core/lib/timesheet.lib.php on line 21
[30-Sep-2017 23:46:56 Europe/Berlin] PHP Fatal error:  require_once(): Failed opening required 'class/timesheetwhitelist.class.php' (include_path='/var/www/html/htdocs') in /home/delcroip/gitrespo/dolibarr_project_timesheet/timesheet/core/lib/timesheet.lib.php on line 21
[30-Sep-2017 23:47:19 Europe/Berlin] PHP Warning:  require_once(class/timesheetwhitelist.class.php): failed to open stream: No such file or directory in /home/delcroip/gitrespo/dolibarr_project_timesheet/timesheet/core/lib/timesheet.lib.php on line 21
[30-Sep-2017 23:47:19 Europe/Berlin] PHP Fatal error:  require_once(): Failed opening required 'class/timesheetwhitelist.class.php' (include_path='/var/www/html/htdocs') in /home/delcroip/gitrespo/dolibarr_project_timesheet/timesheet/core/lib/timesheet.lib.php on line 21
[30-Sep-2017 23:47:49 Europe/Berlin] PHP Warning:  require_once(class/timesheetFavourites.class.php): failed to open stream: No such file or directory in /home/delcroip/gitrespo/dolibarr_project_timesheet/timesheet/core/lib/timesheet.lib.php on line 21
[30-Sep-2017 23:47:49 Europe/Berlin] PHP Fatal error:  require_once(): Failed opening required 'class/timesheetFavourites.class.php' (include_path='/var/www/html/htdocs') in /home/delcroip/gitrespo/dolibarr_project_timesheet/timesheet/core/lib/timesheet.lib.php on line 21
[01-Oct-2017 14:07:42 Europe/Berlin] PHP Fatal error:  Call to undefined function select_generic() in /home/delcroip/gitrespo/dolibarr_project_timesheet/timesheet/TimesheetActivity.php on line 815
[07-Oct-2017 15:23:56 Europe/Berlin] PHP Warning:  require_once(/home/delcroip/gitrespo/dolibarr_project_timesheet/timesheet/class/TaskTimesheet.class.php): failed to open stream: No such file or directory in /home/delcroip/gitrespo/dolibarr_project_timesheet/timesheet/core/lib/timesheet.lib.php on line 22
[07-Oct-2017 15:23:56 Europe/Berlin] PHP Fatal error:  require_once(): Failed opening required '/home/delcroip/gitrespo/dolibarr_project_timesheet/timesheet/class/TaskTimesheet.class.php' (include_path='/var/www/html/htdocs') in /home/delcroip/gitrespo/dolibarr_project_timesheet/timesheet/core/lib/timesheet.lib.php on line 22
[07-Oct-2017 15:24:27 Europe/Berlin] PHP Warning:  require_once(class/TaskTimesheet.class.php): failed to open stream: No such file or directory in /home/delcroip/gitrespo/dolibarr_project_timesheet/timesheet/class/TimesheetTask.class.php on line 24
[07-Oct-2017 15:24:27 Europe/Berlin] PHP Fatal error:  require_once(): Failed opening required 'class/TaskTimesheet.class.php' (include_path='/var/www/html/htdocs') in /home/delcroip/gitrespo/dolibarr_project_timesheet/timesheet/class/TimesheetTask.class.php on line 24
[07-Oct-2017 15:25:43 Europe/Berlin] PHP Warning:  require_once(class/TaskTimesheet.class.php): failed to open stream: No such file or directory in /home/delcroip/gitrespo/dolibarr_project_timesheet/timesheet/timesheet.php on line 32
[07-Oct-2017 15:25:43 Europe/Berlin] PHP Fatal error:  require_once(): Failed opening required 'class/TaskTimesheet.class.php' (include_path='/var/www/html/htdocs') in /home/delcroip/gitrespo/dolibarr_project_timesheet/timesheet/timesheet.php on line 32
[07-Oct-2017 15:26:11 Europe/Berlin] PHP Fatal error:  Class 'TimesheetUserTasks' not found in /home/delcroip/gitrespo/dolibarr_project_timesheet/timesheet/timesheet.php on line 57
[07-Oct-2017 15:27:37 Europe/Berlin] PHP Warning:  require_once(class/TaskTimesheet.class.php): failed to open stream: No such file or directory in /home/delcroip/gitrespo/dolibarr_project_timesheet/timesheet/TimesheetTeamApproval.php on line 32
[07-Oct-2017 15:27:37 Europe/Berlin] PHP Fatal error:  require_once(): Failed opening required 'class/TaskTimesheet.class.php' (include_path='/var/www/html/htdocs') in /home/delcroip/gitrespo/dolibarr_project_timesheet/timesheet/TimesheetTeamApproval.php on line 32
[07-Oct-2017 15:29:10 Europe/Berlin] PHP Fatal error:  Class 'TimesheetUserTasks' not found in /home/delcroip/gitrespo/dolibarr_project_timesheet/timesheet/TimesheetTeamApproval.php on line 321
[07-Oct-2017 15:30:08 Europe/Berlin] PHP Warning:  require_once(class/TimesheetUserTask.class.php): failed to open stream: No such file or directory in /home/delcroip/gitrespo/dolibarr_project_timesheet/timesheet/TimesheetTeamApproval.php on line 32
[07-Oct-2017 15:30:08 Europe/Berlin] PHP Fatal error:  require_once(): Failed opening required 'class/TimesheetUserTask.class.php' (include_path='/var/www/html/htdocs') in /home/delcroip/gitrespo/dolibarr_project_timesheet/timesheet/TimesheetTeamApproval.php on line 32
[07-Oct-2017 16:03:00 Europe/Berlin] PHP Fatal error:  Class 'Timesheetactivity' not found in /home/delcroip/gitrespo/dolibarr_project_timesheet/timesheet/ResourceActivity.php on line 129
[07-Oct-2017 16:05:09 Europe/Berlin] PHP Fatal error:  Class 'Timesheetactivity' not found in /home/delcroip/gitrespo/dolibarr_project_timesheet/timesheet/ResourceActivity.php on line 116
[07-Oct-2017 16:05:35 Europe/Berlin] PHP Fatal error:  Call to undefined function select_generic() in /home/delcroip/gitrespo/dolibarr_project_timesheet/timesheet/ResourceActivity.php on line 802
[07-Oct-2017 16:05:36 Europe/Berlin] PHP Fatal error:  Call to undefined function select_generic() in /home/delcroip/gitrespo/dolibarr_project_timesheet/timesheet/ResourceActivity.php on line 802
[21-Oct-2017 12:03:28 Europe/Berlin] PHP Fatal error:  Function name must be a string in /home/delcroip/gitrespo/dolibarr_project_timesheet/timesheet/core/lib/generic.lib.php on line 72
[22-Oct-2017 17:17:11 Europe/Berlin] PHP Fatal error:  Call to undefined method Task_timesheet::HTMLGetOtherUserTs() in /home/delcroip/gitrespo/dolibarr_project_timesheet/timesheet/timesheet.php on line 226
[22-Oct-2017 17:17:19 Europe/Berlin] PHP Warning:  Missing argument 2 for Task_timesheet::getHTMLGetOtherUserTs(), called in /home/delcroip/gitrespo/dolibarr_project_timesheet/timesheet/timesheet.php on line 226 and defined in /home/delcroip/gitrespo/dolibarr_project_timesheet/timesheet/class/Task_timesheet.class.php on line 1160
[22-Oct-2017 17:17:19 Europe/Berlin] PHP Fatal error:  Call to undefined function getSubordinates() in /home/delcroip/gitrespo/dolibarr_project_timesheet/timesheet/class/Task_timesheet.class.php on line 1167
[22-Oct-2017 17:17:58 Europe/Berlin] PHP Fatal error:  Call to undefined function getSubordinates() in /home/delcroip/gitrespo/dolibarr_project_timesheet/timesheet/class/Task_timesheet.class.php on line 1167
[22-Oct-2017 17:19:27 Europe/Berlin] PHP Fatal error:  Cannot access empty property in /home/delcroip/gitrespo/dolibarr_project_timesheet/timesheet/class/Task_timesheet.class.php on line 1167
[22-Oct-2017 17:24:49 Europe/Berlin] PHP Warning:  Missing argument 2 for Task_timesheet::getHTMLGetOtherUserTs(), called in /home/delcroip/gitrespo/dolibarr_project_timesheet/timesheet/timesheet.php on line 226 and defined in /home/delcroip/gitrespo/dolibarr_project_timesheet/timesheet/class/Task_timesheet.class.php on line 1160
[24-Oct-2017 20:48:26 Europe/Berlin] PHP Fatal error:  Class 'Task_timesheet' not found in /home/delcroip/gitrespo/dolibarr_project_timesheet/timesheet/timesheet.php on line 76
[24-Oct-2017 20:48:29 Europe/Berlin] PHP Fatal error:  Class 'Task_timesheet' not found in /home/delcroip/gitrespo/dolibarr_project_timesheet/timesheet/timesheet.php on line 76
[24-Oct-2017 21:06:19 Europe/Berlin] PHP Warning:  require_once(class/TimesheetUserTasks.class.php): failed to open stream: No such file or directory in /home/delcroip/gitrespo/dolibarr_project_timesheet/timesheet/core/lib/timesheet.lib.php on line 22
[24-Oct-2017 21:06:19 Europe/Berlin] PHP Fatal error:  require_once(): Failed opening required 'class/TimesheetUserTasks.class.php' (include_path='/var/www/html/htdocs') in /home/delcroip/gitrespo/dolibarr_project_timesheet/timesheet/core/lib/timesheet.lib.php on line 22
[24-Oct-2017 21:07:16 Europe/Berlin] PHP Warning:  require_once(class/Task_time_approval.class.php): failed to open stream: No such file or directory in /home/delcroip/gitrespo/dolibarr_project_timesheet/timesheet/class/TimesheetUserTasks.class.php on line 27
[24-Oct-2017 21:07:16 Europe/Berlin] PHP Fatal error:  require_once(): Failed opening required 'class/Task_time_approval.class.php' (include_path='/var/www/html/htdocs') in /home/delcroip/gitrespo/dolibarr_project_timesheet/timesheet/class/TimesheetUserTasks.class.php on line 27
[24-Oct-2017 21:26:44 Europe/Berlin] PHP Warning:  require_once(/home/delcroip/gitrespo/dolibarr_project_timesheet/timesheet/class/timesheetwhitelist.class.php): failed to open stream: No such file or directory in /home/delcroip/gitrespo/dolibarr_project_timesheet/timesheet/core/lib/timesheet.lib.php on line 21
[24-Oct-2017 21:26:44 Europe/Berlin] PHP Fatal error:  require_once(): Failed opening required '/home/delcroip/gitrespo/dolibarr_project_timesheet/timesheet/class/timesheetwhitelist.class.php' (include_path='/var/www/html/htdocs') in /home/delcroip/gitrespo/dolibarr_project_timesheet/timesheet/core/lib/timesheet.lib.php on line 21
[24-Oct-2017 21:28:52 Europe/Berlin] PHP Warning:  require_once(class/Task_timesheet.class.php): failed to open stream: No such file or directory in /home/delcroip/gitrespo/dolibarr_project_timesheet/timesheet/core/lib/timesheet.lib.php on line 22
[24-Oct-2017 21:28:52 Europe/Berlin] PHP Fatal error:  require_once(): Failed opening required 'class/Task_timesheet.class.php' (include_path='/var/www/html/htdocs') in /home/delcroip/gitrespo/dolibarr_project_timesheet/timesheet/core/lib/timesheet.lib.php on line 22
[24-Oct-2017 21:32:44 Europe/Berlin] PHP Warning:  require_once(/home/delcroip/gitrespo/dolibarr_project_timesheet/timesheet/class/holidayTimesheet.class.php): failed to open stream: No such file or directory in /home/delcroip/gitrespo/dolibarr_project_timesheet/timesheet/class/TimesheetUserTasks.class.php on line 25
[24-Oct-2017 21:32:44 Europe/Berlin] PHP Fatal error:  require_once(): Failed opening required '/home/delcroip/gitrespo/dolibarr_project_timesheet/timesheet/class/holidayTimesheet.class.php' (include_path='/var/www/html/htdocs') in /home/delcroip/gitrespo/dolibarr_project_timesheet/timesheet/class/TimesheetUserTasks.class.php on line 25
[24-Oct-2017 21:34:02 Europe/Berlin] PHP Warning:  require_once(class/Task_time_approval.class.php): failed to open stream: No such file or directory in /home/delcroip/gitrespo/dolibarr_project_timesheet/timesheet/class/TimesheetUserTasks.class.php on line 27
[24-Oct-2017 21:34:02 Europe/Berlin] PHP Fatal error:  require_once(): Failed opening required 'class/Task_time_approval.class.php' (include_path='/var/www/html/htdocs') in /home/delcroip/gitrespo/dolibarr_project_timesheet/timesheet/class/TimesheetUserTasks.class.php on line 27
[26-Oct-2017 19:20:56 Europe/Berlin] PHP Fatal error:  Call to a member function date_diff() on integer in /home/delcroip/gitrespo/dolibarr_project_timesheet/timesheet/class/TimesheetUserTasks.class.php on line 938
[26-Oct-2017 20:08:15 Europe/Berlin] PHP Fatal error:  Allowed memory size of 134217728 bytes exhausted (tried to allocate 72 bytes) in /home/delcroip/gitrespo/dolibarr_project_timesheet/timesheet/class/TimesheetTask.class.php on line 768
[26-Oct-2017 20:16:27 Europe/Berlin] PHP Fatal error:  Call to undefined function ciel() in /home/delcroip/gitrespo/dolibarr_project_timesheet/timesheet/core/lib/timesheet.lib.php on line 474
[26-Oct-2017 20:23:53 Europe/Berlin] PHP Warning:  ceil() expects exactly 1 parameter, 3 given in /home/delcroip/gitrespo/dolibarr_project_timesheet/timesheet/core/lib/timesheet.lib.php on line 475
[26-Oct-2017 20:23:53 Europe/Berlin] PHP Warning:  ceil() expects exactly 1 parameter, 3 given in /home/delcroip/gitrespo/dolibarr_project_timesheet/timesheet/core/lib/timesheet.lib.php on line 475
[26-Oct-2017 20:23:53 Europe/Berlin] PHP Warning:  ceil() expects exactly 1 parameter, 3 given in /home/delcroip/gitrespo/dolibarr_project_timesheet/timesheet/core/lib/timesheet.lib.php on line 475
[26-Oct-2017 20:23:53 Europe/Berlin] PHP Warning:  ceil() expects exactly 1 parameter, 3 given in /home/delcroip/gitrespo/dolibarr_project_timesheet/timesheet/core/lib/timesheet.lib.php on line 475
[26-Oct-2017 20:23:53 Europe/Berlin] PHP Warning:  ceil() expects exactly 1 parameter, 3 given in /home/delcroip/gitrespo/dolibarr_project_timesheet/timesheet/core/lib/timesheet.lib.php on line 475
[26-Oct-2017 20:23:53 Europe/Berlin] PHP Warning:  ceil() expects exactly 1 parameter, 3 given in /home/delcroip/gitrespo/dolibarr_project_timesheet/timesheet/core/lib/timesheet.lib.php on line 475
[26-Oct-2017 20:23:53 Europe/Berlin] PHP Warning:  ceil() expects exactly 1 parameter, 3 given in /home/delcroip/gitrespo/dolibarr_project_timesheet/timesheet/core/lib/timesheet.lib.php on line 475
[26-Oct-2017 20:23:53 Europe/Berlin] PHP Warning:  ceil() expects exactly 1 parameter, 3 given in /home/delcroip/gitrespo/dolibarr_project_timesheet/timesheet/core/lib/timesheet.lib.php on line 475
